"DATE"Mon Sep 26 2022 10:13:36 GMT-0700 (Pacific Daylight Time) "PARAM-ID"- "URL"/"HTTP/1.1" "REQUEST METHOD"GET "STATUS CODE"304  "CONTENT LENGTH"- "RESPONSE TIME"6.816 ms "REFERRER"- "USER AGENT"Mozilla/5.0 (Windows NT 10.0; Win64; x64) AppleWebKit/537.36 (KHTML, like Gecko) Chrome/105.0.0.0 Safari/537.36 "BODY"{}
"DATE"Mon Sep 26 2022 10:14:18 GMT-0700 (Pacific Daylight Time)  "URL"/"HTTP/1.1" "REQUEST METHOD"GET "STATUS CODE"304  "CONTENT LENGTH"- "RESPONSE TIME"1.954 ms "REFERRER"- "USER AGENT"Mozilla/5.0 (Windows NT 10.0; Win64; x64) AppleWebKit/537.36 (KHTML, like Gecko) Chrome/105.0.0.0 Safari/537.36 "BODY"{}
"DATE"Wed Sep 28 2022 09:08:29 GMT-0700 (Pacific Daylight Time)  "URL"/"HTTP/1.1" "REQUEST METHOD"GET "STATUS CODE"200  "CONTENT LENGTH"21 "RESPONSE TIME"10.584 ms "REFERRER"- "USER AGENT"Mozilla/5.0 (Windows NT 10.0; Win64; x64) AppleWebKit/537.36 (KHTML, like Gecko) Chrome/105.0.0.0 Safari/537.36 "BODY"{}
"DATE"Wed Sep 28 2022 09:08:29 GMT-0700 (Pacific Daylight Time)  "URL"/favicon.ico"HTTP/1.1" "REQUEST METHOD"GET "STATUS CODE"404  "CONTENT LENGTH"150 "RESPONSE TIME"3.580 ms "REFERRER"http://localhost:3000/ "USER AGENT"Mozilla/5.0 (Windows NT 10.0; Win64; x64) AppleWebKit/537.36 (KHTML, like Gecko) Chrome/105.0.0.0 Safari/537.36 "BODY"{}
"DATE"Mon Oct 03 2022 06:41:27 GMT-0700 (Pacific Daylight Time)  "URL"/auth/send-otp"HTTP/1.1" "REQUEST METHOD"POST "STATUS CODE"401  "CONTENT LENGTH"12 "RESPONSE TIME"1541.005 ms "REFERRER"- "USER AGENT"PostmanRuntime/7.29.2 "BODY"{"phoneNumber":"+923184115171"}
"DATE"Mon Oct 03 2022 06:59:30 GMT-0700 (Pacific Daylight Time)  "URL"/auth/send-otp"HTTP/1.1" "REQUEST METHOD"POST "STATUS CODE"200  "CONTENT LENGTH"39 "RESPONSE TIME"1370.445 ms "REFERRER"- "USER AGENT"PostmanRuntime/7.29.2 "BODY"{"phoneNumber":"+923184115171"}
"DATE"Mon Oct 03 2022 07:01:20 GMT-0700 (Pacific Daylight Time)  "URL"/auth/verify-otp"HTTP/1.1" "REQUEST METHOD"POST "STATUS CODE"200  "CONTENT LENGTH"26 "RESPONSE TIME"1445.600 ms "REFERRER"- "USER AGENT"PostmanRuntime/7.29.2 "BODY"{"phoneNumber":"+923184115171","otp":"231713"}
"DATE"Mon Oct 03 2022 07:09:14 GMT-0700 (Pacific Daylight Time)  "URL"/auth/sign-up/send-otp"HTTP/1.1" "REQUEST METHOD"POST "STATUS CODE"404  "CONTENT LENGTH"161 "RESPONSE TIME"3.601 ms "REFERRER"- "USER AGENT"PostmanRuntime/7.29.2 "BODY"{"phoneNumber":"+923184115171"}
"DATE"Mon Oct 03 2022 07:09:37 GMT-0700 (Pacific Daylight Time)  "URL"/auth/sign-up/send-otp"HTTP/1.1" "REQUEST METHOD"POST "STATUS CODE"400  "CONTENT LENGTH"33 "RESPONSE TIME"1595.896 ms "REFERRER"- "USER AGENT"PostmanRuntime/7.29.2 "BODY"{"phoneNumber":"+923184115171"}
"DATE"Mon Oct 03 2022 07:09:47 GMT-0700 (Pacific Daylight Time)  "URL"/auth/sign-up/send-otp"HTTP/1.1" "REQUEST METHOD"POST "STATUS CODE"200  "CONTENT LENGTH"39 "RESPONSE TIME"1206.777 ms "REFERRER"- "USER AGENT"PostmanRuntime/7.29.2 "BODY"{"number":"+923184115171"}
"DATE"Mon Oct 03 2022 07:10:01 GMT-0700 (Pacific Daylight Time)  "URL"/auth/sign-up/send-otp"HTTP/1.1" "REQUEST METHOD"POST "STATUS CODE"200  "CONTENT LENGTH"39 "RESPONSE TIME"1378.367 ms "REFERRER"- "USER AGENT"PostmanRuntime/7.29.2 "BODY"{"number":"+923184115171","full_name":"ammar"}
"DATE"Mon Oct 03 2022 07:19:59 GMT-0700 (Pacific Daylight Time)  "URL"/auth/sign-up/send-otp"HTTP/1.1" "REQUEST METHOD"POST "STATUS CODE"200  "CONTENT LENGTH"39 "RESPONSE TIME"1537.079 ms "REFERRER"- "USER AGENT"PostmanRuntime/7.29.2 "BODY"{"number":"+923184115171","full_name":"ammar"}
"DATE"Mon Oct 03 2022 07:27:57 GMT-0700 (Pacific Daylight Time)  "URL"/auth/sign-up/send-otp"HTTP/1.1" "REQUEST METHOD"POST "STATUS CODE"200  "CONTENT LENGTH"39 "RESPONSE TIME"1795.398 ms "REFERRER"- "USER AGENT"PostmanRuntime/7.29.2 "BODY"{"number":"+923184115171","full_name":"s"}
"DATE"Mon Oct 03 2022 07:29:09 GMT-0700 (Pacific Daylight Time)  "URL"/auth/sign-up/send-otp"HTTP/1.1" "REQUEST METHOD"POST "STATUS CODE"200  "CONTENT LENGTH"39 "RESPONSE TIME"1523.209 ms "REFERRER"- "USER AGENT"PostmanRuntime/7.29.2 "BODY"{"number":"+923184115171","full_name":"s"}
"DATE"Mon Oct 03 2022 07:30:06 GMT-0700 (Pacific Daylight Time)  "URL"/auth/sign-up/send-otp"HTTP/1.1" "REQUEST METHOD"POST "STATUS CODE"200  "CONTENT LENGTH"39 "RESPONSE TIME"1577.747 ms "REFERRER"- "USER AGENT"PostmanRuntime/7.29.2 "BODY"{"number":"+923184115171","full_name":"s"}
"DATE"Mon Oct 03 2022 07:41:32 GMT-0700 (Pacific Daylight Time)  "URL"/auth/sign-up/send-otp"HTTP/1.1" "REQUEST METHOD"POST "STATUS CODE"200  "CONTENT LENGTH"39 "RESPONSE TIME"1620.804 ms "REFERRER"- "USER AGENT"PostmanRuntime/7.29.2 "BODY"{"number":"+923184115171","full_name":"s"}
"DATE"Mon Oct 03 2022 07:41:54 GMT-0700 (Pacific Daylight Time)  "URL"/auth/sign-up/send-otp"HTTP/1.1" "REQUEST METHOD"POST "STATUS CODE"200  "CONTENT LENGTH"39 "RESPONSE TIME"1865.870 ms "REFERRER"- "USER AGENT"PostmanRuntime/7.29.2 "BODY"{"number":"+923184115171","full_name":"s"}
"DATE"Mon Oct 03 2022 07:42:29 GMT-0700 (Pacific Daylight Time)  "URL"/auth/sign-up/send-otp"HTTP/1.1" "REQUEST METHOD"POST "STATUS CODE"200  "CONTENT LENGTH"39 "RESPONSE TIME"1510.328 ms "REFERRER"- "USER AGENT"PostmanRuntime/7.29.2 "BODY"{"number":"+923184115171","full_name":"s"}
"DATE"Mon Oct 03 2022 07:43:19 GMT-0700 (Pacific Daylight Time)  "URL"/auth/sign-up/send-otp"HTTP/1.1" "REQUEST METHOD"POST "STATUS CODE"200  "CONTENT LENGTH"39 "RESPONSE TIME"1613.745 ms "REFERRER"- "USER AGENT"PostmanRuntime/7.29.2 "BODY"{"number":"+923184115171","full_name":"s"}
"DATE"Mon Oct 03 2022 07:59:54 GMT-0700 (Pacific Daylight Time)  "URL"/auth/sign-up/send-otp"HTTP/1.1" "REQUEST METHOD"POST "STATUS CODE"200  "CONTENT LENGTH"128 "RESPONSE TIME"1534.415 ms "REFERRER"- "USER AGENT"PostmanRuntime/7.29.2 "BODY"{"number":"+923184115171","full_name":"s"}
"DATE"Mon Oct 03 2022 08:00:07 GMT-0700 (Pacific Daylight Time)  "URL"/auth/sign-up/send-otp"HTTP/1.1" "REQUEST METHOD"POST "STATUS CODE"200  "CONTENT LENGTH"- "RESPONSE TIME"1454.421 ms "REFERRER"- "USER AGENT"PostmanRuntime/7.29.2 "BODY"{"number":"+923184115171","full_name":"s"}
"DATE"Mon Oct 03 2022 08:00:16 GMT-0700 (Pacific Daylight Time)  "URL"/auth/sign-up/send-otp"HTTP/1.1" "REQUEST METHOD"POST "STATUS CODE"200  "CONTENT LENGTH"128 "RESPONSE TIME"1368.052 ms "REFERRER"- "USER AGENT"PostmanRuntime/7.29.2 "BODY"{"number":"+923184115171","full_name":"s"}
"DATE"Mon Oct 03 2022 08:00:52 GMT-0700 (Pacific Daylight Time)  "URL"/auth/sign-up/send-otp"HTTP/1.1" "REQUEST METHOD"POST "STATUS CODE"200  "CONTENT LENGTH"128 "RESPONSE TIME"1636.087 ms "REFERRER"- "USER AGENT"PostmanRuntime/7.29.2 "BODY"{"number":"+923184115171","full_name":"s"}
"DATE"Mon Oct 03 2022 08:01:30 GMT-0700 (Pacific Daylight Time)  "URL"/auth/sign-up/send-otp"HTTP/1.1" "REQUEST METHOD"POST "STATUS CODE"429  "CONTENT LENGTH"25 "RESPONSE TIME"1350.220 ms "REFERRER"- "USER AGENT"PostmanRuntime/7.29.2 "BODY"{"number":"+923184115171","full_name":"s"}
"DATE"Mon Oct 03 2022 08:01:43 GMT-0700 (Pacific Daylight Time)  "URL"/auth/sign-up/send-otp"HTTP/1.1" "REQUEST METHOD"POST "STATUS CODE"429  "CONTENT LENGTH"25 "RESPONSE TIME"1321.327 ms "REFERRER"- "USER AGENT"PostmanRuntime/7.29.2 "BODY"{"number":"+923184115171","full_name":"s"}
